2024-04-15 01:15:50,295 INFO  StartupInfoLogger:55 - [] Starting EmployeeBatchServiceCsvtodbApplication using Java 17.0.4.1 on LIN65001560 with PID 24868 (C:\Users\CHOPRASA\Documents\Assignments\employee-batch-service-xmltodb\target\classes started by choprasa in C:\Users\CHOPRASA\Documents\Assignments\employee-batch-service-xmltodb)
2024-04-15 01:15:50,324 INFO  SpringApplication:631 - [] No active profile set, falling back to 1 default profile: "default"
2024-04-15 01:15:52,166 INFO  RepositoryConfigurationDelegate:132 - [] Bootstrapping Spring Data JPA repositories in DEFAULT mode.
2024-04-15 01:15:52,342 INFO  RepositoryConfigurationDelegate:201 - [] Finished Spring Data repository scanning in 141 ms. Found 1 JPA repository interfaces.
2024-04-15 01:15:53,950 INFO  TomcatWebServer:108 - [] Tomcat initialized with port(s): 8080 (http)
2024-04-15 01:15:53,978 INFO  DirectJDKLog:173 - [] Starting service [Tomcat]
2024-04-15 01:15:53,979 INFO  DirectJDKLog:173 - [] Starting Servlet engine: [Apache Tomcat/9.0.70]
2024-04-15 01:15:54,359 INFO  DirectJDKLog:173 - [] Initializing Spring embedded WebApplicationContext
2024-04-15 01:15:54,361 INFO  ServletWebServerApplicationContext:292 - [] Root WebApplicationContext: initialization completed in 3887 ms
2024-04-15 01:15:54,691 INFO  HikariDataSource:110 - [] HikariPool-1 - Starting...
2024-04-15 01:15:55,622 INFO  HikariDataSource:123 - [] HikariPool-1 - Start completed.
2024-04-15 01:15:56,272 INFO  LogHelper:31 - [] HHH000204: Processing PersistenceUnitInfo [name: default]
2024-04-15 01:15:56,485 INFO  Version:44 - [] HHH000412: Hibernate ORM core version 5.6.14.Final
2024-04-15 01:15:57,140 INFO  JavaReflectionManager:56 - [] HCANN000001: Hibernate Commons Annotations {5.1.2.Final}
2024-04-15 01:15:57,740 INFO  Dialect:175 - [] HHH000400: Using dialect: org.hibernate.dialect.MySQL5Dialect
2024-04-15 01:15:59,436 INFO  JtaPlatformInitiator:52 - [] HHH000490: Using JtaPlatform implementation: [org.hibernate.engine.transaction.jta.platform.internal.NoJtaPlatform]
2024-04-15 01:15:59,466 INFO  AbstractEntityManagerFactoryBean:437 - [] Initialized JPA EntityManagerFactory for persistence unit 'default'
2024-04-15 01:16:01,080 WARN  JpaBaseConfiguration$JpaWebConfiguration:219 - [] spring.jpa.open-in-view is enabled by default. Therefore, database queries may be performed during view rendering. Explicitly configure spring.jpa.open-in-view to disable this warning
2024-04-15 01:16:02,100 WARN  JpaBatchConfigurer:63 - [] JPA does not support custom isolation levels, so locks may not be taken when launching Jobs. To silence this warning, set 'spring.batch.jdbc.isolation-level-for-create' to 'default'.
2024-04-15 01:16:02,130 INFO  JobRepositoryFactoryBean:185 - [] No database type set, using meta data indicating: MYSQL
2024-04-15 01:16:02,215 INFO  SimpleJobLauncher:215 - [] No TaskExecutor has been set, defaulting to synchronous executor.
2024-04-15 01:16:02,530 INFO  TomcatWebServer:220 - [] Tomcat started on port(s): 8080 (http) with context path ''
2024-04-15 01:16:02,559 INFO  StartupInfoLogger:61 - [] Started EmployeeBatchServiceCsvtodbApplication in 13.407 seconds (JVM running for 16.071)
2024-04-15 01:16:29,942 INFO  DirectJDKLog:173 - [] Initializing Spring DispatcherServlet 'dispatcherServlet'
2024-04-15 01:16:29,944 INFO  FrameworkServlet:525 - [] Initializing Servlet 'dispatcherServlet'
2024-04-15 01:16:29,947 INFO  FrameworkServlet:547 - [] Completed initialization in 2 ms
2024-04-15 01:16:30,094 INFO  EmployeeController:28 - [] Data import job has been triggered.
2024-04-15 01:16:30,277 INFO  SimpleJobLauncher$1:146 - [] Job: [FlowJob: [name=importEmployee]] launched with the following parameters: [{startAt=1713123990097}]
2024-04-15 01:16:30,467 INFO  SimpleStepHandler:149 - [] Executing step: [slaveStep]
2024-04-15 01:16:30,759 INFO  EmployeeProcessor:16 - [] Processing employee with ID: 1
2024-04-15 01:16:30,761 INFO  EmployeeProcessor:16 - [] Processing employee with ID: 3
2024-04-15 01:16:31,064 INFO  AbstractStep:273 - [] Step: [slaveStep] executed in 593ms
2024-04-15 01:16:31,117 INFO  SimpleJobLauncher$1:152 - [] Job: [FlowJob: [name=importEmployee]] completed with the following parameters: [{startAt=1713123990097}] and the following status: [COMPLETED] in 736ms
2024-04-15 01:16:31,119 INFO  EmployeeController:37 - [] Data import job has completed successfully.
2024-04-15 01:16:47,633 INFO  SpringApplicationAdminMXBeanRegistrar$SpringApplicationAdmin:159 - [] Application shutdown requested.
2024-04-15 01:16:47,688 INFO  DirectJDKLog:173 - [] Stopping service [Tomcat]
2024-04-15 01:16:47,692 INFO  DirectJDKLog:173 - [] Destroying Spring FrameworkServlet 'dispatcherServlet'
2024-04-15 01:16:47,714 INFO  AbstractEntityManagerFactoryBean:651 - [] Closing JPA EntityManagerFactory for persistence unit 'default'
2024-04-15 01:16:47,720 INFO  HikariDataSource:350 - [] HikariPool-1 - Shutdown initiated...
2024-04-15 01:16:47,746 INFO  HikariDataSource:352 - [] HikariPool-1 - Shutdown completed.
2024-04-15 10:19:04,116 INFO  StartupInfoLogger:55 - [] Starting EmployeeBatchServiceCsvtodbApplication using Java 17.0.4.1 on LIN65001560 with PID 6412 (C:\Users\CHOPRASA\Documents\Assignments\employee-batch-service-xmltodb\target\classes started by choprasa in C:\Users\CHOPRASA\Documents\Assignments\employee-batch-service-xmltodb)
2024-04-15 10:19:04,129 INFO  SpringApplication:631 - [] No active profile set, falling back to 1 default profile: "default"
2024-04-15 10:19:06,327 INFO  RepositoryConfigurationDelegate:132 - [] Bootstrapping Spring Data JPA repositories in DEFAULT mode.
2024-04-15 10:19:06,504 INFO  RepositoryConfigurationDelegate:201 - [] Finished Spring Data repository scanning in 141 ms. Found 1 JPA repository interfaces.
2024-04-15 10:19:08,107 INFO  TomcatWebServer:108 - [] Tomcat initialized with port(s): 8080 (http)
2024-04-15 10:19:08,143 INFO  DirectJDKLog:173 - [] Starting service [Tomcat]
2024-04-15 10:19:08,144 INFO  DirectJDKLog:173 - [] Starting Servlet engine: [Apache Tomcat/9.0.70]
2024-04-15 10:19:08,574 INFO  DirectJDKLog:173 - [] Initializing Spring embedded WebApplicationContext
2024-04-15 10:19:08,576 INFO  ServletWebServerApplicationContext:292 - [] Root WebApplicationContext: initialization completed in 4273 ms
2024-04-15 10:19:08,925 INFO  HikariDataSource:110 - [] HikariPool-1 - Starting...
2024-04-15 10:19:09,931 INFO  HikariDataSource:123 - [] HikariPool-1 - Start completed.
2024-04-15 10:19:10,477 INFO  LogHelper:31 - [] HHH000204: Processing PersistenceUnitInfo [name: default]
2024-04-15 10:19:10,688 INFO  Version:44 - [] HHH000412: Hibernate ORM core version 5.6.14.Final
2024-04-15 10:19:11,309 INFO  JavaReflectionManager:56 - [] HCANN000001: Hibernate Commons Annotations {5.1.2.Final}
2024-04-15 10:19:11,739 INFO  Dialect:175 - [] HHH000400: Using dialect: org.hibernate.dialect.MySQL5Dialect
2024-04-15 10:19:13,799 INFO  JtaPlatformInitiator:52 - [] HHH000490: Using JtaPlatform implementation: [org.hibernate.engine.transaction.jta.platform.internal.NoJtaPlatform]
2024-04-15 10:19:13,837 INFO  AbstractEntityManagerFactoryBean:437 - [] Initialized JPA EntityManagerFactory for persistence unit 'default'
2024-04-15 10:19:15,458 WARN  JpaBaseConfiguration$JpaWebConfiguration:219 - [] spring.jpa.open-in-view is enabled by default. Therefore, database queries may be performed during view rendering. Explicitly configure spring.jpa.open-in-view to disable this warning
2024-04-15 10:19:16,331 WARN  JpaBatchConfigurer:63 - [] JPA does not support custom isolation levels, so locks may not be taken when launching Jobs. To silence this warning, set 'spring.batch.jdbc.isolation-level-for-create' to 'default'.
2024-04-15 10:19:16,361 INFO  JobRepositoryFactoryBean:185 - [] No database type set, using meta data indicating: MYSQL
2024-04-15 10:19:16,438 INFO  SimpleJobLauncher:215 - [] No TaskExecutor has been set, defaulting to synchronous executor.
2024-04-15 10:19:16,743 INFO  TomcatWebServer:220 - [] Tomcat started on port(s): 8080 (http) with context path ''
2024-04-15 10:19:16,772 INFO  StartupInfoLogger:61 - [] Started EmployeeBatchServiceCsvtodbApplication in 14.079 seconds (JVM running for 17.355)
2024-04-15 10:20:10,247 INFO  DirectJDKLog:173 - [] Initializing Spring DispatcherServlet 'dispatcherServlet'
2024-04-15 10:20:10,249 INFO  FrameworkServlet:525 - [] Initializing Servlet 'dispatcherServlet'
2024-04-15 10:20:10,252 INFO  FrameworkServlet:547 - [] Completed initialization in 2 ms
2024-04-15 10:20:10,410 INFO  EmployeeController:28 - [] Data import job has been triggered.
2024-04-15 10:20:10,614 INFO  SimpleJobLauncher$1:146 - [] Job: [FlowJob: [name=importEmployee]] launched with the following parameters: [{startAt=1713156610413}]
2024-04-15 10:20:10,776 INFO  SimpleStepHandler:149 - [] Executing step: [slaveStep]
2024-04-15 10:20:10,950 INFO  EmployeeProcessor:16 - [] Processing employee with ID: 1
2024-04-15 10:20:10,951 INFO  EmployeeProcessor:16 - [] Processing employee with ID: 3
2024-04-15 10:20:11,217 INFO  AbstractStep:273 - [] Step: [slaveStep] executed in 439ms
2024-04-15 10:20:11,271 INFO  SimpleJobLauncher$1:152 - [] Job: [FlowJob: [name=importEmployee]] completed with the following parameters: [{startAt=1713156610413}] and the following status: [COMPLETED] in 557ms
2024-04-15 10:20:11,272 INFO  EmployeeController:37 - [] Data import job has completed successfully.
2024-04-15 10:36:13,182 INFO  SpringApplicationAdminMXBeanRegistrar$SpringApplicationAdmin:159 - [] Application shutdown requested.
2024-04-15 10:36:13,280 INFO  DirectJDKLog:173 - [] Stopping service [Tomcat]
2024-04-15 10:36:13,290 INFO  DirectJDKLog:173 - [] Destroying Spring FrameworkServlet 'dispatcherServlet'
2024-04-15 10:36:13,329 INFO  AbstractEntityManagerFactoryBean:651 - [] Closing JPA EntityManagerFactory for persistence unit 'default'
2024-04-15 10:36:13,348 INFO  HikariDataSource:350 - [] HikariPool-1 - Shutdown initiated...
2024-04-15 10:36:13,410 INFO  HikariDataSource:352 - [] HikariPool-1 - Shutdown completed.
2024-04-15 10:41:28,492 INFO  StartupInfoLogger:55 - [] Starting EmployeeBatchServiceCsvtodbApplication using Java 17.0.4.1 on LIN65001560 with PID 22144 (C:\Users\CHOPRASA\Documents\Assignments\employee-batch-service-xmltodb\target\classes started by choprasa in C:\Users\CHOPRASA\Documents\Assignments\employee-batch-service-xmltodb)
2024-04-15 10:41:28,501 INFO  SpringApplication:631 - [] No active profile set, falling back to 1 default profile: "default"
2024-04-15 10:41:30,153 INFO  RepositoryConfigurationDelegate:132 - [] Bootstrapping Spring Data JPA repositories in DEFAULT mode.
2024-04-15 10:41:30,301 INFO  RepositoryConfigurationDelegate:201 - [] Finished Spring Data repository scanning in 118 ms. Found 1 JPA repository interfaces.
2024-04-15 10:41:31,750 INFO  TomcatWebServer:108 - [] Tomcat initialized with port(s): 8080 (http)
2024-04-15 10:41:31,787 INFO  DirectJDKLog:173 - [] Starting service [Tomcat]
2024-04-15 10:41:31,790 INFO  DirectJDKLog:173 - [] Starting Servlet engine: [Apache Tomcat/9.0.70]
2024-04-15 10:41:32,186 INFO  DirectJDKLog:173 - [] Initializing Spring embedded WebApplicationContext
2024-04-15 10:41:32,188 INFO  ServletWebServerApplicationContext:292 - [] Root WebApplicationContext: initialization completed in 3553 ms
2024-04-15 10:41:32,461 INFO  HikariDataSource:110 - [] HikariPool-1 - Starting...
2024-04-15 10:41:33,292 INFO  HikariDataSource:123 - [] HikariPool-1 - Start completed.
2024-04-15 10:41:33,747 INFO  LogHelper:31 - [] HHH000204: Processing PersistenceUnitInfo [name: default]
2024-04-15 10:41:33,904 INFO  Version:44 - [] HHH000412: Hibernate ORM core version 5.6.14.Final
2024-04-15 10:41:34,342 INFO  JavaReflectionManager:56 - [] HCANN000001: Hibernate Commons Annotations {5.1.2.Final}
2024-04-15 10:41:34,652 INFO  Dialect:175 - [] HHH000400: Using dialect: org.hibernate.dialect.MySQL5Dialect
2024-04-15 10:41:36,335 INFO  JtaPlatformInitiator:52 - [] HHH000490: Using JtaPlatform implementation: [org.hibernate.engine.transaction.jta.platform.internal.NoJtaPlatform]
2024-04-15 10:41:36,362 INFO  AbstractEntityManagerFactoryBean:437 - [] Initialized JPA EntityManagerFactory for persistence unit 'default'
2024-04-15 10:41:37,565 WARN  JpaBaseConfiguration$JpaWebConfiguration:219 - [] spring.jpa.open-in-view is enabled by default. Therefore, database queries may be performed during view rendering. Explicitly configure spring.jpa.open-in-view to disable this warning
2024-04-15 10:41:38,247 WARN  JpaBatchConfigurer:63 - [] JPA does not support custom isolation levels, so locks may not be taken when launching Jobs. To silence this warning, set 'spring.batch.jdbc.isolation-level-for-create' to 'default'.
2024-04-15 10:41:38,270 INFO  JobRepositoryFactoryBean:185 - [] No database type set, using meta data indicating: MYSQL
2024-04-15 10:41:38,335 INFO  SimpleJobLauncher:215 - [] No TaskExecutor has been set, defaulting to synchronous executor.
2024-04-15 10:41:38,625 INFO  TomcatWebServer:220 - [] Tomcat started on port(s): 8080 (http) with context path ''
2024-04-15 10:41:38,650 INFO  StartupInfoLogger:61 - [] Started EmployeeBatchServiceCsvtodbApplication in 11.343 seconds (JVM running for 14.36)
2024-04-15 10:41:51,190 INFO  DirectJDKLog:173 - [] Initializing Spring DispatcherServlet 'dispatcherServlet'
2024-04-15 10:41:51,191 INFO  FrameworkServlet:525 - [] Initializing Servlet 'dispatcherServlet'
2024-04-15 10:41:51,194 INFO  FrameworkServlet:547 - [] Completed initialization in 2 ms
2024-04-15 10:41:51,357 INFO  EmployeeController:28 - [] Data import job has been triggered.
2024-04-15 10:41:51,553 INFO  SimpleJobLauncher$1:146 - [] Job: [FlowJob: [name=import-employees]] launched with the following parameters: [{startAt=1713157911360}]
2024-04-15 10:41:51,685 INFO  SimpleStepHandler:149 - [] Executing step: [step1]
2024-04-15 10:41:51,835 INFO  EmployeeProcessor:16 - [] Processing employee with ID: 1
2024-04-15 10:41:51,836 INFO  EmployeeProcessor:16 - [] Processing employee with ID: 3
2024-04-15 10:41:52,062 INFO  AbstractStep:273 - [] Step: [step1] executed in 375ms
2024-04-15 10:41:52,106 INFO  SimpleJobLauncher$1:152 - [] Job: [FlowJob: [name=import-employees]] completed with the following parameters: [{startAt=1713157911360}] and the following status: [COMPLETED] in 479ms
2024-04-15 10:41:52,107 INFO  EmployeeController:37 - [] Data import job has completed successfully.
2024-04-15 10:42:09,651 INFO  SpringApplicationAdminMXBeanRegistrar$SpringApplicationAdmin:159 - [] Application shutdown requested.
2024-04-15 10:42:09,714 INFO  DirectJDKLog:173 - [] Stopping service [Tomcat]
2024-04-15 10:42:09,719 INFO  DirectJDKLog:173 - [] Destroying Spring FrameworkServlet 'dispatcherServlet'
2024-04-15 10:42:09,742 INFO  AbstractEntityManagerFactoryBean:651 - [] Closing JPA EntityManagerFactory for persistence unit 'default'
2024-04-15 10:42:09,749 INFO  HikariDataSource:350 - [] HikariPool-1 - Shutdown initiated...
2024-04-15 10:42:09,774 INFO  HikariDataSource:352 - [] HikariPool-1 - Shutdown completed.
