2024-04-19 16:07:41,909 INFO  RepositoryConfigurationDelegate:132 - [] Bootstrapping Spring Data JPA repositories in DEFAULT mode.
2024-04-19 16:07:42,028 INFO  RepositoryConfigurationDelegate:201 - [] Finished Spring Data repository scanning in 41 ms. Found 0 JPA repository interfaces.
2024-04-19 16:07:43,494 INFO  TomcatWebServer:108 - [] Tomcat initialized with port(s): 8080 (http)
2024-04-19 16:07:43,526 INFO  DirectJDKLog:173 - [] Starting service [Tomcat]
2024-04-19 16:07:43,528 INFO  DirectJDKLog:173 - [] Starting Servlet engine: [Apache Tomcat/9.0.70]
2024-04-19 16:07:43,926 INFO  DirectJDKLog:173 - [] Initializing Spring embedded WebApplicationContext
2024-04-19 16:07:43,929 INFO  ServletWebServerApplicationContext:292 - [] Root WebApplicationContext: initialization completed in 3610 ms
2024-04-19 16:07:44,233 INFO  HikariDataSource:110 - [] HikariPool-1 - Starting...
2024-04-19 16:07:45,160 INFO  HikariDataSource:123 - [] HikariPool-1 - Start completed.
2024-04-19 16:07:45,710 INFO  LogHelper:31 - [] HHH000204: Processing PersistenceUnitInfo [name: default]
2024-04-19 16:07:45,931 INFO  Version:44 - [] HHH000412: Hibernate ORM core version 5.6.14.Final
2024-04-19 16:07:46,514 INFO  JavaReflectionManager:56 - [] HCANN000001: Hibernate Commons Annotations {5.1.2.Final}
2024-04-19 16:07:46,883 INFO  Dialect:175 - [] HHH000400: Using dialect: org.hibernate.dialect.MySQL8Dialect
2024-04-19 16:07:48,595 INFO  JtaPlatformInitiator:52 - [] HHH000490: Using JtaPlatform implementation: [org.hibernate.engine.transaction.jta.platform.internal.NoJtaPlatform]
2024-04-19 16:07:48,624 INFO  AbstractEntityManagerFactoryBean:437 - [] Initialized JPA EntityManagerFactory for persistence unit 'default'
2024-04-19 16:07:48,911 WARN  JpaBatchConfigurer:63 - [] JPA does not support custom isolation levels, so locks may not be taken when launching Jobs. To silence this warning, set 'spring.batch.jdbc.isolation-level-for-create' to 'default'.
2024-04-19 16:07:48,926 INFO  JobRepositoryFactoryBean:185 - [] No database type set, using meta data indicating: MYSQL
2024-04-19 16:07:48,984 INFO  SimpleJobLauncher:215 - [] No TaskExecutor has been set, defaulting to synchronous executor.
2024-04-19 16:07:49,333 INFO  SimpleJobLauncher$1:146 - [] Job: [FlowJob: [name=exportEmployeeJob]] launched with the following parameters: [{time=1713523068869}]
2024-04-19 16:07:49,465 INFO  SimpleStepHandler:149 - [] Executing step: [step1]
2024-04-19 16:07:49,571 INFO  EmployeeProcessor:16 - [] Processing employee with ID: 2
2024-04-19 16:07:49,572 INFO  EmployeeProcessor:16 - [] Processing employee with ID: 3
2024-04-19 16:07:49,996 INFO  AbstractStep:273 - [] Step: [step1] executed in 529ms
2024-04-19 16:07:50,047 INFO  SimpleJobLauncher$1:152 - [] Job: [FlowJob: [name=exportEmployeeJob]] completed with the following parameters: [{time=1713523068869}] and the following status: [COMPLETED] in 639ms
2024-04-19 16:07:50,171 WARN  JpaBaseConfiguration$JpaWebConfiguration:219 - [] spring.jpa.open-in-view is enabled by default. Therefore, database queries may be performed during view rendering. Explicitly configure spring.jpa.open-in-view to disable this warning
2024-04-19 16:07:51,213 INFO  TomcatWebServer:220 - [] Tomcat started on port(s): 8080 (http) with context path ''
2024-04-19 16:07:51,244 INFO  StartupInfoLogger:61 - [] Started EmployeeBatchServiceDbtocsvApplication in 12.256 seconds (JVM running for 14.879)
2024-04-19 16:07:51,250 INFO  JobLauncherApplicationRunner:154 - [] Running default command line with: []
2024-04-19 16:07:51,418 INFO  SimpleJobLauncher$1:146 - [] Job: [FlowJob: [name=exportEmployeeJob]] launched with the following parameters: [{run.id=1, time=1713523068869}]
2024-04-19 16:07:51,482 INFO  SimpleStepHandler:149 - [] Executing step: [step1]
2024-04-19 16:07:51,533 INFO  EmployeeProcessor:16 - [] Processing employee with ID: 2
2024-04-19 16:07:51,534 INFO  EmployeeProcessor:16 - [] Processing employee with ID: 3
2024-04-19 16:07:51,564 INFO  AbstractStep:273 - [] Step: [step1] executed in 81ms
2024-04-19 16:07:51,608 INFO  SimpleJobLauncher$1:152 - [] Job: [FlowJob: [name=exportEmployeeJob]] completed with the following parameters: [{run.id=1, time=1713523068869}] and the following status: [COMPLETED] in 172ms
2024-04-19 16:08:12,062 INFO  SpringApplicationAdminMXBeanRegistrar$SpringApplicationAdmin:159 - [] Application shutdown requested.
2024-04-19 16:08:12,152 INFO  DirectJDKLog:173 - [] Stopping service [Tomcat]
2024-04-19 16:08:12,190 WARN  DisposableBeanAdapter:329 - [] Custom destroy method 'close' on bean with name 'writer' threw an exception: java.lang.NullPointerException: Cannot invoke "java.io.Writer.flush()" because "this.fWriter" is null
2024-04-19 16:08:12,193 INFO  AbstractEntityManagerFactoryBean:651 - [] Closing JPA EntityManagerFactory for persistence unit 'default'
2024-04-19 16:08:12,200 INFO  HikariDataSource:350 - [] HikariPool-1 - Shutdown initiated...
2024-04-19 16:08:12,246 INFO  HikariDataSource:352 - [] HikariPool-1 - Shutdown completed.
